<?xml version="1.0" encoding="UTF-8"?>
<!-- Generated by org.testng.reporters.JUnitReportReporter -->
<testsuite hostname="DESKTOP-2FSJKMJ" failures="0" tests="2" name="Test.MessageTest" time="34.815" errors="0" timestamp="2023-12-26T13:02:32 IST" skipped="0">
  <testcase classname="Test.MessageTest" name="verifyMessage" time="21.238"/>
  <system-out/>
  <testcase classname="Test.MessageTest" name="verifySearch" time="13.577"/>
  <system-out/>
</testsuite> <!-- Test.MessageTest -->
