<?xml version="1.0" encoding="UTF-8"?>
<!-- Generated by org.testng.reporters.JUnitReportReporter -->
<testsuite hostname="DESKTOP-2FSJKMJ" failures="0" tests="1" name="Test.LoginTest" time="53.214" errors="0" timestamp="2023-12-26T13:02:32 IST" skipped="0">
  <testcase classname="Test.LoginTest" name="VerifyLogin" time="53.214"/>
  <system-out/>
</testsuite> <!-- Test.LoginTest -->
