<?xml version="1.0" encoding="UTF-8"?>
<!-- Generated by org.testng.reporters.JUnitReportReporter -->
<testsuite hostname="DESKTOP-2FSJKMJ" failures="0" tests="1" name="Test.ItemTest" time="14.400" errors="0" timestamp="2023-12-27T16:44:35 IST" skipped="0">
  <testcase classname="Test.ItemTest" name="verifyAddItem" time="14.400"/>
  <system-out/>
</testsuite> <!-- Test.ItemTest -->
